time=2026-02-04T18:34:43.476+06:00 level=INFO msg="Daemon started (interval: %v, auto-commit: %v, auto-push: %v)" !BADKEY=5s !BADKEY=false !BADKEY=false
time=2026-02-04T18:34:43.477+06:00 level=INFO msg="using database" path=/home/kzoeps/Projects/gainforest/bumicert-platform/.beads/beads.db
time=2026-02-04T18:34:43.522+06:00 level=INFO msg="database opened" path=/home/kzoeps/Projects/gainforest/bumicert-platform/.beads/beads.db backend=sqlite freshness_checking=true
time=2026-02-04T18:34:43.522+06:00 level=INFO msg="upgrading .beads/.gitignore"
time=2026-02-04T18:34:43.522+06:00 level=WARN msg="failed to upgrade .gitignore" error="open .beads/.gitignore: no such file or directory"
time=2026-02-04T18:34:43.524+06:00 level=INFO msg="Repository fingerprint validated: %s" !BADKEY=75e10e9e
time=2026-02-04T18:34:43.525+06:00 level=INFO msg="starting RPC server" socket=/home/kzoeps/Projects/gainforest/bumicert-platform/.beads/bd.sock
time=2026-02-04T18:34:43.525+06:00 level=INFO msg="RPC server ready (socket listening)"
time=2026-02-04T18:34:43.529+06:00 level=INFO msg="registered in global registry"
time=2026-02-04T18:34:43.529+06:00 level=INFO msg="Starting %s..." !BADKEY="sync cycle"
time=2026-02-04T18:34:43.530+06:00 level=INFO msg="Exported to JSONL"
time=2026-02-04T18:34:48.301+06:00 level=INFO msg="Pulled from remote"
time=2026-02-04T18:34:48.312+06:00 level=INFO msg="Imported from JSONL"
time=2026-02-04T18:34:48.321+06:00 level=INFO msg="Sync cycle complete"
time=2026-02-04T18:34:48.321+06:00 level=INFO msg="monitoring parent process" pid=0
time=2026-02-04T18:34:48.321+06:00 level=INFO msg="using event-driven mode"
time=2026-02-04T18:34:48.321+06:00 level=INFO msg="Auto-pull disabled: use 'git pull' manually to sync remote changes"
time=2026-02-04T18:34:48.321+06:00 level=INFO msg="Mutation detected: %s %s" create=bumicert-platform-19c
time=2026-02-04T18:34:48.822+06:00 level=INFO msg="Export triggered by mutation events"
time=2026-02-04T18:34:48.822+06:00 level=INFO msg="Starting %s..." !BADKEY=export
time=2026-02-04T18:34:48.823+06:00 level=INFO msg="Pre-export validation failed: %v" !BADKEY="refusing to export: JSONL content has changed since last import (import first to avoid data loss)"
time=2026-02-04T18:37:40.521+06:00 level=INFO msg="Git ref change detected: %s" !BADKEY=/home/kzoeps/Projects/gainforest/bumicert-platform/.git/refs/heads/setup-climateai-ouath.lock
time=2026-02-04T18:37:41.522+06:00 level=INFO msg="Import triggered by file change"
time=2026-02-04T18:37:41.523+06:00 level=INFO msg="Starting %s..." !BADKEY=auto-import
time=2026-02-04T18:37:41.524+06:00 level=INFO msg="JSONL content changed, proceeding with %s..." !BADKEY=auto-import
time=2026-02-04T18:37:44.543+06:00 level=INFO msg="Git ref change detected: %s" !BADKEY=/home/kzoeps/Projects/gainforest/bumicert-platform/.git/refs/heads/setup-climateai-ouath.lock
time=2026-02-04T18:37:45.545+06:00 level=INFO msg="Import triggered by file change"
time=2026-02-04T18:37:45.546+06:00 level=INFO msg="Starting %s..." !BADKEY=auto-import
time=2026-02-04T18:37:45.546+06:00 level=INFO msg="JSONL content changed, proceeding with %s..." !BADKEY=auto-import
time=2026-02-04T18:37:45.660+06:00 level=INFO msg="Pull failed: %v (backoff: %v)" !BADKEY="git pull failed: exit status 1\nFrom github.com:GainForest/bumicert-platform\n * branch            setup-climateai-ouath -> FETCH_HEAD\nwarning: fetch updated the current branch head.\nfast-forwarding your working tree from\ncommit 8d1e79966f66f678a9f6ad7ed9b7c93a85e1c9e0.\nThere are no candidates for merging among the refs that you just fetched.\nGenerally this means that you provided a wildcard refspec which had no\nmatches on the remote end.\n" !BADKEY=30s
time=2026-02-04T18:37:50.080+06:00 level=INFO msg="Pull failed: %v (backoff: %v)" !BADKEY="git pull failed: exit status 128\nFrom github.com:GainForest/bumicert-platform\n * branch            setup-climateai-ouath -> FETCH_HEAD\nhint: You have divergent branches and need to specify how to reconcile them.\nhint: You can do so by running one of the following commands sometime before\nhint: your next pull:\nhint: \nhint:   git config pull.rebase false  # merge\nhint:   git config pull.rebase true   # rebase\nhint:   git config pull.ff only       # fast-forward only\nhint: \nhint: You can replace \"git config\" with \"git config --global\" to set a default\nhint: preference for all repositories. You can also pass --rebase, --no-rebase,\nhint: or --ff-only on the command line to override the configured default per\nhint: invocation.\nfatal: Need to specify how to reconcile divergent branches.\n" !BADKEY=1m0s
time=2026-02-04T18:51:53.247+06:00 level=INFO msg="Git ref change detected: %s" !BADKEY=/home/kzoeps/Projects/gainforest/bumicert-platform/.git/refs/heads/setup-climateai-ouath.lock
time=2026-02-04T18:51:54.249+06:00 level=INFO msg="Import triggered by file change"
time=2026-02-04T18:51:54.249+06:00 level=INFO msg="Starting %s..." !BADKEY=auto-import
time=2026-02-04T18:51:54.249+06:00 level=INFO msg="JSONL content changed, proceeding with %s..." !BADKEY=auto-import
time=2026-02-04T18:51:58.241+06:00 level=INFO msg="Git ref change detected: %s" !BADKEY=/home/kzoeps/Projects/gainforest/bumicert-platform/.git/refs/heads/setup-climateai-ouath.lock
time=2026-02-04T18:51:58.519+06:00 level=INFO msg="Pull failed: %v (backoff: %v)" !BADKEY="git pull failed: exit status 1\nFrom github.com:GainForest/bumicert-platform\n * branch            setup-climateai-ouath -> FETCH_HEAD\nwarning: fetch updated the current branch head.\nfast-forwarding your working tree from\ncommit a5b936510ee1a6ec55dedb7b01693eb4f57b5789.\nThere are no candidates for merging among the refs that you just fetched.\nGenerally this means that you provided a wildcard refspec which had no\nmatches on the remote end.\n" !BADKEY=2m0s
time=2026-02-04T18:51:59.243+06:00 level=INFO msg="Import triggered by file change"
time=2026-02-04T18:51:59.243+06:00 level=INFO msg="Skipping %s: in backoff period" !BADKEY=auto-import
time=2026-02-04T19:00:20.264+06:00 level=INFO msg="Git ref change detected: %s" !BADKEY=/home/kzoeps/Projects/gainforest/bumicert-platform/.git/refs/heads/setup-climateai-ouath.lock
time=2026-02-04T19:00:21.265+06:00 level=INFO msg="Import triggered by file change"
time=2026-02-04T19:00:21.266+06:00 level=INFO msg="Starting %s..." !BADKEY=auto-import
time=2026-02-04T19:00:21.266+06:00 level=INFO msg="JSONL content changed, proceeding with %s..." !BADKEY=auto-import
time=2026-02-04T19:00:25.418+06:00 level=INFO msg="Pulled from remote"
time=2026-02-04T19:00:25.420+06:00 level=INFO msg="Imported from JSONL"
time=2026-02-04T19:00:25.420+06:00 level=INFO msg="Auto-import complete"
time=2026-02-04T19:00:25.773+06:00 level=INFO msg="Git ref change detected: %s" !BADKEY=/home/kzoeps/Projects/gainforest/bumicert-platform/.git/refs/heads/setup-climateai-ouath.lock
time=2026-02-04T19:00:26.774+06:00 level=INFO msg="Import triggered by file change"
time=2026-02-04T19:00:26.775+06:00 level=INFO msg="Starting %s..." !BADKEY=auto-import
time=2026-02-04T19:00:26.775+06:00 level=INFO msg="JSONL content changed, proceeding with %s..." !BADKEY=auto-import
time=2026-02-04T19:00:30.936+06:00 level=INFO msg="Pull failed: %v (backoff: %v)" !BADKEY="git pull failed: exit status 128\nFrom github.com:GainForest/bumicert-platform\n * branch            setup-climateai-ouath -> FETCH_HEAD\nhint: You have divergent branches and need to specify how to reconcile them.\nhint: You can do so by running one of the following commands sometime before\nhint: your next pull:\nhint: \nhint:   git config pull.rebase false  # merge\nhint:   git config pull.rebase true   # rebase\nhint:   git config pull.ff only       # fast-forward only\nhint: \nhint: You can replace \"git config\" with \"git config --global\" to set a default\nhint: preference for all repositories. You can also pass --rebase, --no-rebase,\nhint: or --ff-only on the command line to override the configured default per\nhint: invocation.\nfatal: Need to specify how to reconcile divergent branches.\n" !BADKEY=30s
time=2026-02-04T19:29:44.926+06:00 level=INFO msg="Git ref change detected: %s" !BADKEY=/home/kzoeps/Projects/gainforest/bumicert-platform/.git/refs/heads/setup-climateai-ouath.lock
time=2026-02-04T19:29:45.928+06:00 level=INFO msg="Import triggered by file change"
time=2026-02-04T19:29:45.928+06:00 level=INFO msg="Starting %s..." !BADKEY=auto-import
time=2026-02-04T19:29:45.928+06:00 level=INFO msg="JSONL content changed, proceeding with %s..." !BADKEY=auto-import
time=2026-02-04T19:29:50.026+06:00 level=INFO msg="Pulled from remote"
time=2026-02-04T19:29:50.027+06:00 level=INFO msg="Imported from JSONL"
time=2026-02-04T19:29:50.027+06:00 level=INFO msg="Auto-import complete"
time=2026-02-04T21:43:55.780+06:00 level=INFO msg="Git ref change detected: %s" !BADKEY=/home/kzoeps/Projects/gainforest/bumicert-platform/.git/refs/heads/setup-climateai-ouath.lock
time=2026-02-04T21:43:56.782+06:00 level=INFO msg="Import triggered by file change"
time=2026-02-04T21:43:56.782+06:00 level=INFO msg="Starting %s..." !BADKEY=auto-import
time=2026-02-04T21:43:56.783+06:00 level=INFO msg="JSONL content changed, proceeding with %s..." !BADKEY=auto-import
time=2026-02-04T21:44:00.869+06:00 level=INFO msg="Git ref change detected: %s" !BADKEY=/home/kzoeps/Projects/gainforest/bumicert-platform/.git/refs/heads/setup-climateai-ouath.lock
time=2026-02-04T21:44:00.984+06:00 level=INFO msg="Pull failed: %v (backoff: %v)" !BADKEY="git pull failed: exit status 1\nFrom github.com:GainForest/bumicert-platform\n * branch            setup-climateai-ouath -> FETCH_HEAD\nwarning: fetch updated the current branch head.\nfast-forwarding your working tree from\ncommit b2e4cb97d8c234f07a9855f71fb500a74b401b26.\nThere are no candidates for merging among the refs that you just fetched.\nGenerally this means that you provided a wildcard refspec which had no\nmatches on the remote end.\n" !BADKEY=30s
time=2026-02-04T21:44:01.870+06:00 level=INFO msg="Import triggered by file change"
time=2026-02-04T21:44:01.871+06:00 level=INFO msg="Skipping %s: in backoff period" !BADKEY=auto-import
time=2026-02-04T22:24:00.223+06:00 level=INFO msg="Received signal %v, shutting down..." !BADKEY=terminated
time=2026-02-11T22:18:04.012+06:00 level=INFO msg="Daemon started (interval: %v, auto-commit: %v, auto-push: %v)" !BADKEY=5s !BADKEY=false !BADKEY=false
time=2026-02-11T22:18:04.013+06:00 level=INFO msg="using database" path=/home/kzoeps/Projects/gainforest/bumicert-platform/.beads/beads.db
time=2026-02-11T22:18:04.070+06:00 level=INFO msg="database opened" path=/home/kzoeps/Projects/gainforest/bumicert-platform/.beads/beads.db backend=sqlite freshness_checking=true
time=2026-02-11T22:18:04.070+06:00 level=INFO msg="upgrading .beads/.gitignore"
time=2026-02-11T22:18:04.070+06:00 level=WARN msg="failed to upgrade .gitignore" error="open .beads/.gitignore: no such file or directory"
time=2026-02-11T22:18:04.072+06:00 level=INFO msg="Repository fingerprint validated: %s" !BADKEY=75e10e9e
time=2026-02-11T22:18:04.072+06:00 level=INFO msg="starting RPC server" socket=/home/kzoeps/Projects/gainforest/bumicert-platform/.beads/bd.sock
time=2026-02-11T22:18:04.073+06:00 level=INFO msg="RPC server ready (socket listening)"
time=2026-02-11T22:18:04.074+06:00 level=INFO msg="registered in global registry"
time=2026-02-11T22:18:04.074+06:00 level=INFO msg="Starting %s..." !BADKEY="sync cycle"
time=2026-02-11T22:18:04.074+06:00 level=INFO msg="Pre-export validation failed: %v" !BADKEY="refusing to export: JSONL content has changed since last import (import first to avoid data loss)"
time=2026-02-11T22:18:04.074+06:00 level=INFO msg="monitoring parent process" pid=0
time=2026-02-11T22:18:04.074+06:00 level=INFO msg="using event-driven mode"
time=2026-02-11T22:18:04.075+06:00 level=INFO msg="Auto-pull disabled: use 'git pull' manually to sync remote changes"
time=2026-02-11T22:18:04.135+06:00 level=INFO msg="JSONL file created: %s" !BADKEY=/home/kzoeps/Projects/gainforest/bumicert-platform/.beads/issues.jsonl
time=2026-02-11T22:18:04.135+06:00 level=INFO msg="File change detected: %s" !BADKEY=/home/kzoeps/Projects/gainforest/bumicert-platform/.beads/issues.jsonl
time=2026-02-11T22:18:05.136+06:00 level=INFO msg="Import triggered by file change"
time=2026-02-11T22:18:05.143+06:00 level=INFO msg="Starting %s..." !BADKEY=auto-import
time=2026-02-11T22:18:05.144+06:00 level=INFO msg="JSONL content changed, proceeding with %s..." !BADKEY=auto-import
time=2026-02-11T22:18:09.422+06:00 level=INFO msg="Pull failed: %v (backoff: %v)" !BADKEY="git pull failed: exit status 1\nfatal: couldn't find remote ref eco-277-send-an-invite-code-to-the-user-email\n" !BADKEY=30s
time=2026-02-11T22:18:53.520+06:00 level=INFO msg="Mutation detected: %s %s" create=bumicert-platform-e5f
time=2026-02-11T22:18:54.021+06:00 level=INFO msg="Export triggered by mutation events"
time=2026-02-11T22:18:54.021+06:00 level=INFO msg="Starting %s..." !BADKEY=export
time=2026-02-11T22:18:54.030+06:00 level=INFO msg="JSONL file created: %s" !BADKEY=/home/kzoeps/Projects/gainforest/bumicert-platform/.beads/issues.jsonl
time=2026-02-11T22:18:54.031+06:00 level=INFO msg="Exported to JSONL"
time=2026-02-11T22:18:54.031+06:00 level=INFO msg="Export complete"
time=2026-02-11T22:18:55.031+06:00 level=INFO msg="Import triggered by file change"
time=2026-02-11T22:18:55.032+06:00 level=INFO msg="Starting %s..." !BADKEY=auto-import
time=2026-02-11T22:18:55.032+06:00 level=INFO msg="JSONL content changed, proceeding with %s..." !BADKEY=auto-import
time=2026-02-11T22:18:58.933+06:00 level=INFO msg="Pull failed: %v (backoff: %v)" !BADKEY="git pull failed: exit status 1\nfatal: couldn't find remote ref eco-277-send-an-invite-code-to-the-user-email\n" !BADKEY=1m0s
time=2026-02-11T22:19:01.055+06:00 level=INFO msg="Mutation detected: %s %s" create=bumicert-platform-e5f.1
time=2026-02-11T22:19:01.068+06:00 level=INFO msg="Mutation detected: %s %s" create=bumicert-platform-e5f.2
time=2026-02-11T22:19:01.108+06:00 level=INFO msg="Mutation detected: %s %s" create=bumicert-platform-e5f.3
time=2026-02-11T22:19:01.125+06:00 level=INFO msg="Mutation detected: %s %s" create=bumicert-platform-e5f.4
time=2026-02-11T22:19:01.625+06:00 level=INFO msg="Export triggered by mutation events"
time=2026-02-11T22:19:01.626+06:00 level=INFO msg="Starting %s..." !BADKEY=export
time=2026-02-11T22:19:01.628+06:00 level=INFO msg="JSONL file created: %s" !BADKEY=/home/kzoeps/Projects/gainforest/bumicert-platform/.beads/issues.jsonl
time=2026-02-11T22:19:01.628+06:00 level=INFO msg="File change detected: %s" !BADKEY=/home/kzoeps/Projects/gainforest/bumicert-platform/.beads/issues.jsonl
time=2026-02-11T22:19:01.629+06:00 level=INFO msg="Exported to JSONL"
time=2026-02-11T22:19:01.629+06:00 level=INFO msg="Export complete"
time=2026-02-11T22:19:02.630+06:00 level=INFO msg="Import triggered by file change"
time=2026-02-11T22:19:02.630+06:00 level=INFO msg="Skipping %s: in backoff period" !BADKEY=auto-import
time=2026-02-11T22:19:04.459+06:00 level=INFO msg="JSONL file created: %s" !BADKEY=/home/kzoeps/Projects/gainforest/bumicert-platform/.beads/issues.jsonl
time=2026-02-11T22:19:04.459+06:00 level=INFO msg="File change detected: %s" !BADKEY=/home/kzoeps/Projects/gainforest/bumicert-platform/.beads/issues.jsonl
time=2026-02-11T22:19:05.461+06:00 level=INFO msg="Import triggered by file change"
time=2026-02-11T22:19:05.462+06:00 level=INFO msg="Skipping %s: in backoff period" !BADKEY=auto-import
time=2026-02-11T22:19:25.337+06:00 level=INFO msg="Git ref change detected: %s" !BADKEY=/home/kzoeps/Projects/gainforest/bumicert-platform/.git/refs/heads/eco-277-send-an-invite-code-to-the-user-email.lock
time=2026-02-11T22:19:26.339+06:00 level=INFO msg="Import triggered by file change"
time=2026-02-11T22:19:26.339+06:00 level=INFO msg="Skipping %s: in backoff period" !BADKEY=auto-import
time=2026-02-11T22:19:35.021+06:00 level=INFO msg="JSONL file created: %s" !BADKEY=/home/kzoeps/Projects/gainforest/bumicert-platform/.beads/issues.jsonl
time=2026-02-11T22:19:35.021+06:00 level=INFO msg="File change detected: %s" !BADKEY=/home/kzoeps/Projects/gainforest/bumicert-platform/.beads/issues.jsonl
time=2026-02-11T22:19:36.023+06:00 level=INFO msg="Import triggered by file change"
time=2026-02-11T22:19:36.024+06:00 level=INFO msg="Skipping %s: in backoff period" !BADKEY=auto-import
time=2026-02-11T22:21:21.344+06:00 level=INFO msg="Git ref change detected: %s" !BADKEY=/home/kzoeps/Projects/gainforest/bumicert-platform/.git/refs/heads/eco-277-send-an-invite-code-to-the-user-email.lock
time=2026-02-11T22:21:22.345+06:00 level=INFO msg="Import triggered by file change"
time=2026-02-11T22:21:22.346+06:00 level=INFO msg="Starting %s..." !BADKEY=auto-import
time=2026-02-11T22:21:22.346+06:00 level=INFO msg="Skipping %s: JSONL content unchanged" !BADKEY=auto-import
time=2026-02-11T22:21:25.852+06:00 level=INFO msg="Mutation detected: %s %s" status=bumicert-platform-e5f.1
time=2026-02-11T22:21:25.940+06:00 level=INFO msg="JSONL file created: %s" !BADKEY=/home/kzoeps/Projects/gainforest/bumicert-platform/.beads/issues.jsonl
time=2026-02-11T22:21:25.940+06:00 level=INFO msg="File change detected: %s" !BADKEY=/home/kzoeps/Projects/gainforest/bumicert-platform/.beads/issues.jsonl
time=2026-02-11T22:21:26.353+06:00 level=INFO msg="Export triggered by mutation events"
time=2026-02-11T22:21:26.353+06:00 level=INFO msg="Starting %s..." !BADKEY=export
time=2026-02-11T22:21:26.354+06:00 level=INFO msg="Pre-export validation failed: %v" !BADKEY="refusing to export: JSONL content has changed since last import (import first to avoid data loss)"
time=2026-02-11T22:21:26.941+06:00 level=INFO msg="Import triggered by file change"
time=2026-02-11T22:21:26.942+06:00 level=INFO msg="Starting %s..." !BADKEY=auto-import
time=2026-02-11T22:21:26.942+06:00 level=INFO msg="JSONL content changed, proceeding with %s..." !BADKEY=auto-import
time=2026-02-11T22:21:26.946+06:00 level=INFO msg="⚠️  WARNING: Uncommitted local changes detected in %s" !BADKEY=/home/kzoeps/Projects/gainforest/bumicert-platform/.beads/issues.jsonl
time=2026-02-11T22:21:26.946+06:00 level=INFO msg="   Pulling from remote may overwrite local unpushed changes."
time=2026-02-11T22:21:26.946+06:00 level=INFO msg="   Consider running 'bd sync' to commit and push your changes first."
time=2026-02-11T22:21:30.748+06:00 level=INFO msg="Pull failed: %v (backoff: %v)" !BADKEY="git pull failed: exit status 1\nfatal: couldn't find remote ref eco-277-send-an-invite-code-to-the-user-email\n" !BADKEY=2m0s
time=2026-02-11T22:21:42.768+06:00 level=INFO msg="Git ref change detected: %s" !BADKEY=/home/kzoeps/Projects/gainforest/bumicert-platform/.git/refs/heads/eco-277-send-an-invite-code-to-the-user-email.lock
time=2026-02-11T22:21:43.770+06:00 level=INFO msg="Import triggered by file change"
time=2026-02-11T22:21:43.770+06:00 level=INFO msg="Skipping %s: in backoff period" !BADKEY=auto-import
time=2026-02-11T22:21:47.405+06:00 level=INFO msg="JSONL file created: %s" !BADKEY=/home/kzoeps/Projects/gainforest/bumicert-platform/.beads/issues.jsonl
time=2026-02-11T22:21:47.405+06:00 level=INFO msg="File change detected: %s" !BADKEY=/home/kzoeps/Projects/gainforest/bumicert-platform/.beads/issues.jsonl
time=2026-02-11T22:21:48.407+06:00 level=INFO msg="Import triggered by file change"
time=2026-02-11T22:21:48.408+06:00 level=INFO msg="Skipping %s: in backoff period" !BADKEY=auto-import
time=2026-02-11T22:24:33.779+06:00 level=INFO msg="Git ref change detected: %s" !BADKEY=/home/kzoeps/Projects/gainforest/bumicert-platform/.git/refs/heads/eco-277-send-an-invite-code-to-the-user-email.lock
time=2026-02-11T22:24:34.780+06:00 level=INFO msg="Import triggered by file change"
time=2026-02-11T22:24:34.781+06:00 level=INFO msg="Starting %s..." !BADKEY=auto-import
time=2026-02-11T22:24:34.781+06:00 level=INFO msg="Skipping %s: JSONL content unchanged" !BADKEY=auto-import
time=2026-02-11T22:24:37.515+06:00 level=INFO msg="Mutation detected: %s %s" status=bumicert-platform-e5f.2
time=2026-02-11T22:24:37.604+06:00 level=INFO msg="JSONL file created: %s" !BADKEY=/home/kzoeps/Projects/gainforest/bumicert-platform/.beads/issues.jsonl
time=2026-02-11T22:24:37.605+06:00 level=INFO msg="File change detected: %s" !BADKEY=/home/kzoeps/Projects/gainforest/bumicert-platform/.beads/issues.jsonl
time=2026-02-11T22:24:38.016+06:00 level=INFO msg="Export triggered by mutation events"
time=2026-02-11T22:24:38.017+06:00 level=INFO msg="Starting %s..." !BADKEY=export
time=2026-02-11T22:24:38.017+06:00 level=INFO msg="Pre-export validation failed: %v" !BADKEY="refusing to export: JSONL content has changed since last import (import first to avoid data loss)"
time=2026-02-11T22:24:38.606+06:00 level=INFO msg="Import triggered by file change"
time=2026-02-11T22:24:38.607+06:00 level=INFO msg="Starting %s..." !BADKEY=auto-import
time=2026-02-11T22:24:38.607+06:00 level=INFO msg="JSONL content changed, proceeding with %s..." !BADKEY=auto-import
time=2026-02-11T22:24:38.613+06:00 level=INFO msg="⚠️  WARNING: Uncommitted local changes detected in %s" !BADKEY=/home/kzoeps/Projects/gainforest/bumicert-platform/.beads/issues.jsonl
time=2026-02-11T22:24:38.613+06:00 level=INFO msg="   Pulling from remote may overwrite local unpushed changes."
time=2026-02-11T22:24:38.613+06:00 level=INFO msg="   Consider running 'bd sync' to commit and push your changes first."
time=2026-02-11T22:24:42.238+06:00 level=INFO msg="Pull failed: %v (backoff: %v)" !BADKEY="git pull failed: exit status 1\nfatal: couldn't find remote ref eco-277-send-an-invite-code-to-the-user-email\n" !BADKEY=5m0s
time=2026-02-11T22:24:54.799+06:00 level=INFO msg="Git ref change detected: %s" !BADKEY=/home/kzoeps/Projects/gainforest/bumicert-platform/.git/refs/heads/eco-277-send-an-invite-code-to-the-user-email.lock
time=2026-02-11T22:24:55.801+06:00 level=INFO msg="Import triggered by file change"
time=2026-02-11T22:24:55.802+06:00 level=INFO msg="Skipping %s: in backoff period" !BADKEY=auto-import
time=2026-02-11T22:25:01.263+06:00 level=INFO msg="JSONL file created: %s" !BADKEY=/home/kzoeps/Projects/gainforest/bumicert-platform/.beads/issues.jsonl
time=2026-02-11T22:25:01.263+06:00 level=INFO msg="File change detected: %s" !BADKEY=/home/kzoeps/Projects/gainforest/bumicert-platform/.beads/issues.jsonl
time=2026-02-11T22:25:02.265+06:00 level=INFO msg="Import triggered by file change"
time=2026-02-11T22:25:02.266+06:00 level=INFO msg="Skipping %s: in backoff period" !BADKEY=auto-import
time=2026-02-11T22:26:31.528+06:00 level=INFO msg="Git ref change detected: %s" !BADKEY=/home/kzoeps/Projects/gainforest/bumicert-platform/.git/refs/heads/eco-277-send-an-invite-code-to-the-user-email.lock
time=2026-02-11T22:26:32.529+06:00 level=INFO msg="Import triggered by file change"
time=2026-02-11T22:26:32.530+06:00 level=INFO msg="Skipping %s: in backoff period" !BADKEY=auto-import
time=2026-02-11T22:26:37.165+06:00 level=INFO msg="Mutation detected: %s %s" status=bumicert-platform-e5f.3
time=2026-02-11T22:26:37.255+06:00 level=INFO msg="JSONL file created: %s" !BADKEY=/home/kzoeps/Projects/gainforest/bumicert-platform/.beads/issues.jsonl
time=2026-02-11T22:26:37.255+06:00 level=INFO msg="File change detected: %s" !BADKEY=/home/kzoeps/Projects/gainforest/bumicert-platform/.beads/issues.jsonl
time=2026-02-11T22:26:37.665+06:00 level=INFO msg="Export triggered by mutation events"
time=2026-02-11T22:26:37.666+06:00 level=INFO msg="Starting %s..." !BADKEY=export
time=2026-02-11T22:26:37.666+06:00 level=INFO msg="Pre-export validation failed: %v" !BADKEY="refusing to export: JSONL content has changed since last import (import first to avoid data loss)"
time=2026-02-11T22:26:38.256+06:00 level=INFO msg="Import triggered by file change"
time=2026-02-11T22:26:38.257+06:00 level=INFO msg="Skipping %s: in backoff period" !BADKEY=auto-import
time=2026-02-11T22:26:55.101+06:00 level=INFO msg="Git ref change detected: %s" !BADKEY=/home/kzoeps/Projects/gainforest/bumicert-platform/.git/refs/heads/eco-277-send-an-invite-code-to-the-user-email.lock
time=2026-02-11T22:26:56.102+06:00 level=INFO msg="Import triggered by file change"
time=2026-02-11T22:26:56.103+06:00 level=INFO msg="Skipping %s: in backoff period" !BADKEY=auto-import
time=2026-02-11T22:27:40.421+06:00 level=INFO msg="Git ref change detected: %s" !BADKEY=/home/kzoeps/Projects/gainforest/bumicert-platform/.git/refs/heads/eco-277-send-an-invite-code-to-the-user-email.lock
time=2026-02-11T22:27:41.422+06:00 level=INFO msg="Import triggered by file change"
time=2026-02-11T22:27:41.423+06:00 level=INFO msg="Skipping %s: in backoff period" !BADKEY=auto-import
time=2026-02-11T22:27:45.490+06:00 level=INFO msg="Mutation detected: %s %s" status=bumicert-platform-e5f.4
time=2026-02-11T22:27:45.584+06:00 level=INFO msg="JSONL file created: %s" !BADKEY=/home/kzoeps/Projects/gainforest/bumicert-platform/.beads/issues.jsonl
time=2026-02-11T22:27:45.584+06:00 level=INFO msg="File change detected: %s" !BADKEY=/home/kzoeps/Projects/gainforest/bumicert-platform/.beads/issues.jsonl
time=2026-02-11T22:27:45.991+06:00 level=INFO msg="Export triggered by mutation events"
time=2026-02-11T22:27:45.991+06:00 level=INFO msg="Starting %s..." !BADKEY=export
time=2026-02-11T22:27:45.992+06:00 level=INFO msg="Pre-export validation failed: %v" !BADKEY="refusing to export: JSONL content has changed since last import (import first to avoid data loss)"
time=2026-02-11T22:27:46.586+06:00 level=INFO msg="Import triggered by file change"
time=2026-02-11T22:27:46.587+06:00 level=INFO msg="Skipping %s: in backoff period" !BADKEY=auto-import
time=2026-02-11T22:28:04.973+06:00 level=INFO msg="Git ref change detected: %s" !BADKEY=/home/kzoeps/Projects/gainforest/bumicert-platform/.git/refs/heads/eco-277-send-an-invite-code-to-the-user-email.lock
time=2026-02-11T22:28:05.974+06:00 level=INFO msg="Import triggered by file change"
time=2026-02-11T22:28:05.975+06:00 level=INFO msg="Skipping %s: in backoff period" !BADKEY=auto-import
time=2026-02-11T22:28:53.326+06:00 level=INFO msg="Mutation detected: %s %s" create=bumicert-platform-e5f.5
time=2026-02-11T22:28:53.826+06:00 level=INFO msg="Export triggered by mutation events"
time=2026-02-11T22:28:53.826+06:00 level=INFO msg="Starting %s..." !BADKEY=export
time=2026-02-11T22:28:53.830+06:00 level=INFO msg="JSONL file created: %s" !BADKEY=/home/kzoeps/Projects/gainforest/bumicert-platform/.beads/issues.jsonl
time=2026-02-11T22:28:53.830+06:00 level=INFO msg="File change detected: %s" !BADKEY=/home/kzoeps/Projects/gainforest/bumicert-platform/.beads/issues.jsonl
time=2026-02-11T22:28:53.831+06:00 level=INFO msg="Exported to JSONL"
time=2026-02-11T22:28:53.831+06:00 level=INFO msg="Export complete"
time=2026-02-11T22:28:54.832+06:00 level=INFO msg="Import triggered by file change"
time=2026-02-11T22:28:54.833+06:00 level=INFO msg="Skipping %s: in backoff period" !BADKEY=auto-import
time=2026-02-11T22:29:00.432+06:00 level=INFO msg="JSONL file created: %s" !BADKEY=/home/kzoeps/Projects/gainforest/bumicert-platform/.beads/issues.jsonl
time=2026-02-11T22:29:00.432+06:00 level=INFO msg="File change detected: %s" !BADKEY=/home/kzoeps/Projects/gainforest/bumicert-platform/.beads/issues.jsonl
time=2026-02-11T22:29:01.433+06:00 level=INFO msg="Import triggered by file change"
time=2026-02-11T22:29:01.434+06:00 level=INFO msg="Skipping %s: in backoff period" !BADKEY=auto-import
time=2026-02-11T22:45:56.250+06:00 level=INFO msg="Mutation detected: %s %s" create=bumicert-platform-e5f.6
time=2026-02-11T22:45:56.750+06:00 level=INFO msg="Export triggered by mutation events"
time=2026-02-11T22:45:56.751+06:00 level=INFO msg="Starting %s..." !BADKEY=export
time=2026-02-11T22:45:56.754+06:00 level=INFO msg="JSONL file created: %s" !BADKEY=/home/kzoeps/Projects/gainforest/bumicert-platform/.beads/issues.jsonl
time=2026-02-11T22:45:56.755+06:00 level=INFO msg="Exported to JSONL"
time=2026-02-11T22:45:56.755+06:00 level=INFO msg="Export complete"
time=2026-02-11T22:45:57.755+06:00 level=INFO msg="Import triggered by file change"
time=2026-02-11T22:45:57.756+06:00 level=INFO msg="Starting %s..." !BADKEY=auto-import
time=2026-02-11T22:45:57.756+06:00 level=INFO msg="JSONL content changed, proceeding with %s..." !BADKEY=auto-import
time=2026-02-11T22:45:57.759+06:00 level=INFO msg="⚠️  WARNING: Uncommitted local changes detected in %s" !BADKEY=/home/kzoeps/Projects/gainforest/bumicert-platform/.beads/issues.jsonl
time=2026-02-11T22:45:57.759+06:00 level=INFO msg="   Pulling from remote may overwrite local unpushed changes."
time=2026-02-11T22:45:57.759+06:00 level=INFO msg="   Consider running 'bd sync' to commit and push your changes first."
time=2026-02-11T22:46:00.158+06:00 level=INFO msg="JSONL file created: %s" !BADKEY=/home/kzoeps/Projects/gainforest/bumicert-platform/.beads/issues.jsonl
time=2026-02-11T22:46:00.158+06:00 level=INFO msg="File change detected: %s" !BADKEY=/home/kzoeps/Projects/gainforest/bumicert-platform/.beads/issues.jsonl
time=2026-02-11T22:46:01.160+06:00 level=INFO msg="Import triggered by file change"
time=2026-02-11T22:46:01.161+06:00 level=INFO msg="Starting %s..." !BADKEY=auto-import
time=2026-02-11T22:46:01.161+06:00 level=INFO msg="Skipping %s: JSONL content unchanged" !BADKEY=auto-import
time=2026-02-11T22:46:01.331+06:00 level=INFO msg="Pull failed: %v (backoff: %v)" !BADKEY="git pull failed: exit status 1\nfatal: couldn't find remote ref eco-277-send-an-invite-code-to-the-user-email\n" !BADKEY=10m0s
